<?xml version="1.0" encoding="UTF-8"?>
<!-- Generated by org.testng.reporters.JUnitReportReporter -->
<testsuite hostname="ADMINRG-5P4SOQB" name="com.wordpress.Testcases.VerifyValidLogin" tests="1" failures="0" timestamp="2 Jun 2018 06:26:10 GMT" time="33.286" errors="0">
  <testcase name="checkValidLogin" time="33.286" classname="com.wordpress.Testcases.VerifyValidLogin"/>
</testsuite> <!-- com.wordpress.Testcases.VerifyValidLogin -->
