<?xml version="1.0" encoding="UTF-8"?>
<!-- Generated by org.testng.reporters.JUnitReportReporter -->
<testsuite hostname="ADMINRG-5P4SOQB" name="com.wordpress.Testcases.LoginTest" tests="1" failures="0" timestamp="28 May 2018 15:30:09 GMT" time="45.696" errors="0">
  <testcase name="verifyLoginTest" time="45.696" classname="com.wordpress.Testcases.LoginTest"/>
</testsuite> <!-- com.wordpress.Testcases.LoginTest -->
